<?xml version="1.0" encoding="UTF-8" ?>
<testsuite failures="0" time="1.669" errors="0" skipped="0" tests="1" name="com.plugtree.jbpm5.hello.HelloWorldTest">
  <properties>
    <property name="java.runtime.name" value="Java(TM) SE Runtime Environment"/>
    <property name="sun.boot.library.path" value="/usr/lib/jvm/java-6-sun-1.6.0.22/jre/lib/i386"/>
    <property name="java.vm.version" value="17.1-b03"/>
    <property name="java.vm.vendor" value="Sun Microsystems Inc."/>
    <property name="java.vendor.url" value="http://java.sun.com/"/>
    <property name="path.separator" value=":"/>
    <property name="java.vm.name" value="Java HotSpot(TM) Server VM"/>
    <property name="file.encoding.pkg" value="sun.io"/>
    <property name="user.country" value="AR"/>
    <property name="sun.java.launcher" value="SUN_STANDARD"/>
    <property name="sun.os.patch.level" value="unknown"/>
    <property name="java.vm.specification.name" value="Java Virtual Machine Specification"/>
    <property name="user.dir" value="/home/dienaya/workspace/jbpm5-helloworld"/>
    <property name="java.runtime.version" value="1.6.0_22-b04"/>
    <property name="java.awt.graphicsenv" value="sun.awt.X11GraphicsEnvironment"/>
    <property name="basedir" value="/home/dienaya/workspace/jbpm5-helloworld"/>
    <property name="java.endorsed.dirs" value="/usr/lib/jvm/java-6-sun-1.6.0.22/jre/lib/endorsed"/>
    <property name="os.arch" value="i386"/>
    <property name="surefire.real.class.path" value="/tmp/surefirebooter7048880551706393463.jar"/>
    <property name="java.io.tmpdir" value="/tmp"/>
    <property name="line.separator" value="
"/>
    <property name="java.vm.specification.vendor" value="Sun Microsystems Inc."/>
    <property name="os.name" value="Linux"/>
    <property name="sun.jnu.encoding" value="UTF-8"/>
    <property name="java.library.path" value="/usr/lib/jvm/java-6-sun-1.6.0.22/jre/lib/i386/server:/usr/lib/jvm/java-6-sun-1.6.0.22/jre/lib/i386:/usr/lib/jvm/java-6-sun-1.6.0.22/jre/../lib/i386:/usr/java/packages/lib/i386:/lib:/usr/lib"/>
    <property name="surefire.test.class.path" value="/home/dienaya/workspace/jbpm5-helloworld/target/test-classes:/home/dienaya/workspace/jbpm5-helloworld/target/classes:/home/dienaya/.m2/repository/org/jbpm/jbpm-bpmn2/5.0-SNAPSHOT/jbpm-bpmn2-5.0-SNAPSHOT.jar:/home/dienaya/.m2/repository/org/jbpm/jbpm-flow-builder/5.0-SNAPSHOT/jbpm-flow-builder-5.0-SNAPSHOT.jar:/home/dienaya/.m2/repository/org/jbpm/jbpm-flow/5.0-SNAPSHOT/jbpm-flow-5.0-SNAPSHOT.jar:/home/dienaya/.m2/repository/org/drools/drools-api/5.2.0-alpha1/drools-api-5.2.0-alpha1.jar:/home/dienaya/.m2/repository/org/drools/drools-core/5.2.0-alpha1/drools-core-5.2.0-alpha1.jar:/home/dienaya/.m2/repository/org/mvel/mvel2/2.0.18-RC5/mvel2-2.0.18-RC5.jar:/home/dienaya/.m2/repository/org/drools/drools-compiler/5.2.0-alpha1/drools-compiler-5.2.0-alpha1.jar:/home/dienaya/.m2/repository/org/antlr/antlr-runtime/3.2/antlr-runtime-3.2.jar:/home/dienaya/.m2/repository/org/eclipse/jdt/core/compiler/ecj/3.5.1/ecj-3.5.1.jar:/home/dienaya/.m2/repository/org/jbpm/jbpm-human-task/5.0-SNAPSHOT/jbpm-human-task-5.0-SNAPSHOT.jar:/home/dienaya/.m2/repository/org/jbpm/jbpm-workitems/5.0-SNAPSHOT/jbpm-workitems-5.0-SNAPSHOT.jar:/home/dienaya/.m2/repository/javax/mail/mail/1.4/mail-1.4.jar:/home/dienaya/.m2/repository/javax/activation/activation/1.1/activation-1.1.jar:/home/dienaya/.m2/repository/org/apache/commons/commons-finder/1.0-SNAPSHOT/commons-finder-1.0-SNAPSHOT.jar:/home/dienaya/.m2/repository/commons-io/commons-io/1.4/commons-io-1.4.jar:/home/dienaya/.m2/repository/org/apache/commons/commons-cli/2.0-SNAPSHOT/commons-cli-2.0-SNAPSHOT.jar:/home/dienaya/.m2/repository/org/apache/commons/commons-compress/1.0/commons-compress-1.0.jar:/home/dienaya/.m2/repository/org/apache/commons/commons-exec/1.0.1/commons-exec-1.0.1.jar:/home/dienaya/.m2/repository/jivesoftware/smack/3.0.4/smack-3.0.4.jar:/home/dienaya/.m2/repository/rome/rome/0.9/rome-0.9.jar:/home/dienaya/.m2/repository/commons-net/commons-net/2.0/commons-net-2.0.jar:/home/dienaya/.m2/repository/jdom/jdom/1.0/jdom-1.0.jar:/home/dienaya/.m2/repository/org/apache/mina/mina-core/2.0.0-RC1/mina-core-2.0.0-RC1.jar:/home/dienaya/.m2/repository/org/slf4j/slf4j-api/1.6.0/slf4j-api-1.6.0.jar:/home/dienaya/.m2/repository/org/hornetq/hornetq-core/2.0.0.GA/hornetq-core-2.0.0.GA.jar:/home/dienaya/.m2/repository/org/hornetq/hornetq-transports/2.0.0.GA/hornetq-transports-2.0.0.GA.jar:/home/dienaya/.m2/repository/javax/persistence/persistence-api/1.0/persistence-api-1.0.jar:/home/dienaya/.m2/repository/javax/transaction/jta/1.1/jta-1.1.jar:/home/dienaya/.m2/repository/org/jboss/seam/jboss-seam/2.1.0.GA/jboss-seam-2.1.0.GA.jar:/home/dienaya/.m2/repository/org/jboss/el/jboss-el/1.0_02.CR2/jboss-el-1.0_02.CR2.jar:/home/dienaya/.m2/repository/javax/el/el-api/1.0/el-api-1.0.jar:/home/dienaya/.m2/repository/org/hibernate/hibernate-entitymanager/3.4.0.GA/hibernate-entitymanager-3.4.0.GA.jar:/home/dienaya/.m2/repository/org/hibernate/ejb3-persistence/1.0.2.GA/ejb3-persistence-1.0.2.GA.jar:/home/dienaya/.m2/repository/org/hibernate/hibernate-commons-annotations/3.1.0.GA/hibernate-commons-annotations-3.1.0.GA.jar:/home/dienaya/.m2/repository/org/hibernate/hibernate-annotations/3.4.0.GA/hibernate-annotations-3.4.0.GA.jar:/home/dienaya/.m2/repository/org/hibernate/hibernate-core/3.3.0.SP1/hibernate-core-3.3.0.SP1.jar:/home/dienaya/.m2/repository/antlr/antlr/2.7.6/antlr-2.7.6.jar:/home/dienaya/.m2/repository/commons-collections/commons-collections/3.1/commons-collections-3.1.jar:/home/dienaya/.m2/repository/dom4j/dom4j/1.6.1/dom4j-1.6.1.jar:/home/dienaya/.m2/repository/xml-apis/xml-apis/1.0.b2/xml-apis-1.0.b2.jar:/home/dienaya/.m2/repository/javassist/javassist/3.4.GA/javassist-3.4.GA.jar:/home/dienaya/.m2/repository/org/jbpm/jbpm-persistence-jpa/5.0-SNAPSHOT/jbpm-persistence-jpa-5.0-SNAPSHOT.jar:/home/dienaya/.m2/repository/org/drools/drools-persistence-jpa/5.2.0-alpha1/drools-persistence-jpa-5.2.0-alpha1.jar:/home/dienaya/.m2/repository/org/jbpm/jbpm-bam/5.0-SNAPSHOT/jbpm-bam-5.0-SNAPSHOT.jar:"/>
    <property name="java.specification.name" value="Java Platform API Specification"/>
    <property name="java.class.version" value="50.0"/>
    <property name="sun.management.compiler" value="HotSpot Tiered Compilers"/>
    <property name="os.version" value="2.6.35-24-generic"/>
    <property name="user.home" value="/home/dienaya"/>
    <property name="user.timezone" value="America/Argentina/Buenos_Aires"/>
    <property name="java.awt.printerjob" value="sun.print.PSPrinterJob"/>
    <property name="file.encoding" value="UTF-8"/>
    <property name="java.specification.version" value="1.6"/>
    <property name="user.name" value="dienaya"/>
    <property name="java.class.path" value="/home/dienaya/workspace/jbpm5-helloworld/target/test-classes:/home/dienaya/workspace/jbpm5-helloworld/target/classes:/home/dienaya/.m2/repository/org/jbpm/jbpm-bpmn2/5.0-SNAPSHOT/jbpm-bpmn2-5.0-SNAPSHOT.jar:/home/dienaya/.m2/repository/org/jbpm/jbpm-flow-builder/5.0-SNAPSHOT/jbpm-flow-builder-5.0-SNAPSHOT.jar:/home/dienaya/.m2/repository/org/jbpm/jbpm-flow/5.0-SNAPSHOT/jbpm-flow-5.0-SNAPSHOT.jar:/home/dienaya/.m2/repository/org/drools/drools-api/5.2.0-alpha1/drools-api-5.2.0-alpha1.jar:/home/dienaya/.m2/repository/org/drools/drools-core/5.2.0-alpha1/drools-core-5.2.0-alpha1.jar:/home/dienaya/.m2/repository/org/mvel/mvel2/2.0.18-RC5/mvel2-2.0.18-RC5.jar:/home/dienaya/.m2/repository/org/drools/drools-compiler/5.2.0-alpha1/drools-compiler-5.2.0-alpha1.jar:/home/dienaya/.m2/repository/org/antlr/antlr-runtime/3.2/antlr-runtime-3.2.jar:/home/dienaya/.m2/repository/org/eclipse/jdt/core/compiler/ecj/3.5.1/ecj-3.5.1.jar:/home/dienaya/.m2/repository/org/jbpm/jbpm-human-task/5.0-SNAPSHOT/jbpm-human-task-5.0-SNAPSHOT.jar:/home/dienaya/.m2/repository/org/jbpm/jbpm-workitems/5.0-SNAPSHOT/jbpm-workitems-5.0-SNAPSHOT.jar:/home/dienaya/.m2/repository/javax/mail/mail/1.4/mail-1.4.jar:/home/dienaya/.m2/repository/javax/activation/activation/1.1/activation-1.1.jar:/home/dienaya/.m2/repository/org/apache/commons/commons-finder/1.0-SNAPSHOT/commons-finder-1.0-SNAPSHOT.jar:/home/dienaya/.m2/repository/commons-io/commons-io/1.4/commons-io-1.4.jar:/home/dienaya/.m2/repository/org/apache/commons/commons-cli/2.0-SNAPSHOT/commons-cli-2.0-SNAPSHOT.jar:/home/dienaya/.m2/repository/org/apache/commons/commons-compress/1.0/commons-compress-1.0.jar:/home/dienaya/.m2/repository/org/apache/commons/commons-exec/1.0.1/commons-exec-1.0.1.jar:/home/dienaya/.m2/repository/jivesoftware/smack/3.0.4/smack-3.0.4.jar:/home/dienaya/.m2/repository/rome/rome/0.9/rome-0.9.jar:/home/dienaya/.m2/repository/commons-net/commons-net/2.0/commons-net-2.0.jar:/home/dienaya/.m2/repository/jdom/jdom/1.0/jdom-1.0.jar:/home/dienaya/.m2/repository/org/apache/mina/mina-core/2.0.0-RC1/mina-core-2.0.0-RC1.jar:/home/dienaya/.m2/repository/org/slf4j/slf4j-api/1.6.0/slf4j-api-1.6.0.jar:/home/dienaya/.m2/repository/org/hornetq/hornetq-core/2.0.0.GA/hornetq-core-2.0.0.GA.jar:/home/dienaya/.m2/repository/org/hornetq/hornetq-transports/2.0.0.GA/hornetq-transports-2.0.0.GA.jar:/home/dienaya/.m2/repository/javax/persistence/persistence-api/1.0/persistence-api-1.0.jar:/home/dienaya/.m2/repository/javax/transaction/jta/1.1/jta-1.1.jar:/home/dienaya/.m2/repository/org/jboss/seam/jboss-seam/2.1.0.GA/jboss-seam-2.1.0.GA.jar:/home/dienaya/.m2/repository/org/jboss/el/jboss-el/1.0_02.CR2/jboss-el-1.0_02.CR2.jar:/home/dienaya/.m2/repository/javax/el/el-api/1.0/el-api-1.0.jar:/home/dienaya/.m2/repository/org/hibernate/hibernate-entitymanager/3.4.0.GA/hibernate-entitymanager-3.4.0.GA.jar:/home/dienaya/.m2/repository/org/hibernate/ejb3-persistence/1.0.2.GA/ejb3-persistence-1.0.2.GA.jar:/home/dienaya/.m2/repository/org/hibernate/hibernate-commons-annotations/3.1.0.GA/hibernate-commons-annotations-3.1.0.GA.jar:/home/dienaya/.m2/repository/org/hibernate/hibernate-annotations/3.4.0.GA/hibernate-annotations-3.4.0.GA.jar:/home/dienaya/.m2/repository/org/hibernate/hibernate-core/3.3.0.SP1/hibernate-core-3.3.0.SP1.jar:/home/dienaya/.m2/repository/antlr/antlr/2.7.6/antlr-2.7.6.jar:/home/dienaya/.m2/repository/commons-collections/commons-collections/3.1/commons-collections-3.1.jar:/home/dienaya/.m2/repository/dom4j/dom4j/1.6.1/dom4j-1.6.1.jar:/home/dienaya/.m2/repository/xml-apis/xml-apis/1.0.b2/xml-apis-1.0.b2.jar:/home/dienaya/.m2/repository/javassist/javassist/3.4.GA/javassist-3.4.GA.jar:/home/dienaya/.m2/repository/org/jbpm/jbpm-persistence-jpa/5.0-SNAPSHOT/jbpm-persistence-jpa-5.0-SNAPSHOT.jar:/home/dienaya/.m2/repository/org/drools/drools-persistence-jpa/5.2.0-alpha1/drools-persistence-jpa-5.2.0-alpha1.jar:/home/dienaya/.m2/repository/org/jbpm/jbpm-bam/5.0-SNAPSHOT/jbpm-bam-5.0-SNAPSHOT.jar:"/>
    <property name="java.vm.specification.version" value="1.0"/>
    <property name="sun.arch.data.model" value="32"/>
    <property name="java.home" value="/usr/lib/jvm/java-6-sun-1.6.0.22/jre"/>
    <property name="java.specification.vendor" value="Sun Microsystems Inc."/>
    <property name="user.language" value="es"/>
    <property name="java.vm.info" value="mixed mode"/>
    <property name="java.version" value="1.6.0_22"/>
    <property name="java.ext.dirs" value="/usr/lib/jvm/java-6-sun-1.6.0.22/jre/lib/ext:/usr/java/packages/lib/ext"/>
    <property name="sun.boot.class.path" value="/usr/lib/jvm/java-6-sun-1.6.0.22/jre/lib/resources.jar:/usr/lib/jvm/java-6-sun-1.6.0.22/jre/lib/rt.jar:/usr/lib/jvm/java-6-sun-1.6.0.22/jre/lib/sunrsasign.jar:/usr/lib/jvm/java-6-sun-1.6.0.22/jre/lib/jsse.jar:/usr/lib/jvm/java-6-sun-1.6.0.22/jre/lib/jce.jar:/usr/lib/jvm/java-6-sun-1.6.0.22/jre/lib/charsets.jar:/usr/lib/jvm/java-6-sun-1.6.0.22/jre/classes"/>
    <property name="java.vendor" value="Sun Microsystems Inc."/>
    <property name="localRepository" value="/home/dienaya/.m2/repository"/>
    <property name="file.separator" value="/"/>
    <property name="java.vendor.url.bug" value="http://java.sun.com/cgi-bin/bugreport.cgi"/>
    <property name="sun.cpu.endian" value="little"/>
    <property name="sun.io.unicode.encoding" value="UnicodeLittle"/>
    <property name="sun.desktop" value="gnome"/>
    <property name="sun.cpu.isalist" value=""/>
  </properties>
  <testcase time="1.666" classname="com.plugtree.jbpm5.hello.HelloWorldTest" name="com.plugtree.jbpm5.hello.HelloWorldTest.testEDPBM"/>
</testsuite>